<?xml version="1.0" encoding="UTF-8"?>
<!-- Generated by org.testng.reporters.JUnitXMLReporter -->
<testsuite ignored="0" hostname="LAPTOP-PSK043T1" failures="0" tests="3" name="Default test" time="21.751" errors="0" timestamp="2024-02-05T21:34:44 CST">
  <testcase classname="C_Tests.LoginTest" name="LoginSuccess" time="5.345"/>
  <testcase classname="C_Tests.LoginTest" name="LoginWrongPassword" time="5.119"/>
  <testcase classname="C_Tests.LoginTest" name="LoginWrongUsername" time="5.132"/>
</testsuite> <!-- Default test -->
