<?xml version="1.0" encoding="UTF-8"?>
<!-- Generated by org.testng.reporters.JUnitXMLReporter -->
<testsuite ignored="0" hostname="LAPTOP-PSK043T1" failures="0" tests="3" name="Default test" time="21.796" errors="0" timestamp="2024-02-06T09:38:49 CST">
  <testcase classname="C_Tests.LoginTest" name="LoginSuccess" time="5.332"/>
  <testcase classname="C_Tests.LoginTest" name="LoginWrongPassword" time="5.167"/>
  <testcase classname="C_Tests.LoginTest" name="LoginWrongUsername" time="5.167"/>
</testsuite> <!-- Default test -->
